3 2
num: 2
top: 2
1  
3 3
num: 3
top: 3
4 +
top: 5
3 4
num: 4
top: 4
6 *
top: 20
3 1
num: 1
top: 1
1  
3 2
num: 2
top: 2
1  
3 3
num: 3
top: 3
1  
3 4
num: 4
top: 4
1  
4 +
top: 7
1  
6 *
top: 14
1  
5 -
top: -13
3 -1
num: -1
top: -1
1  
3 2
num: 2
top: 2
1  
3 -3
num: -3
top: -3
1  
3 4
num: 4
top: 4
1  
4 +
top: 1
1  
6 *
top: 2
1  
5 -
top: -3
3 8
num: 8
top: 8
1  
3 -7
num: -7
top: -7
1  
3 6
num: 6
top: 6
1  
3 -5
num: -5
top: -5
1  
3 4
num: 4
top: 4
1  
6 *
top: -20
1  
3 -3
num: -3
top: -3
1  
9 %
top: -2
1  
7 /
top: -3
1  
5 -
top: -4
1  
4 +
top: 4
3 2
num: 2
top: 2
1  
3 3
num: 3
top: 3
1  
3 2
num: 2
top: 2
1  
8 ^
top: 9
1  
8 ^
top: 512
3 2
num: 2
top: 2
1  
3 3
num: 3
top: 3
4 +
top: 5
6 *

3 2
num: 2
top: 2
1  
3 3
num: 3
top: 3
1  
3 4
num: 4
top: 4
1  
4 +
top: 7

3 2
num: 2
top: 2
2 .

3 5
num: 5
top: 5
1  
3 5
num: 5
top: 5
1  
4 +
top: 10
1  
4 +


3 5
num: 5
top: 5
1  
3 5
num: 5
top: 5
1  
4 +
top: 10
1  
4 +


3 2
num: 2
top: 2
1  
3 0
num: 0
top: 0
1  
9 %

3 2
num: 2
top: 2
1  
3 0
num: 0
top: 0
1  
7 /

3 0
num: 0
top: 0
1  
3 0
num: 0
top: 0
1  
7 /
