0 2		<?xml version="1.1"?>
0 1		

0 1		<
0 1		!
0 1		D
0 1		O
0 1		C
0 1		T
0 1		Y
0 1		P
0 1		E
0 1		 
0 1		n
0 1		o
0 1		n
0 1		e
0 1		>
0 1		

0 1		<
0 1		r
0 1		o
0 1		o
0 1		t
0 1		>
0 1		

0 1		 
0 1		 
0 3		<!--
1 1		f
1 1		o
1 1		o
1 1		>
1 1		c
1 1		o
1 1		m
1 1		m
1 1		e
1 1		n
1 1		t
1 1		e
1 1		d
1 1		 
1 1		o
1 1		u
1 1		t
1 1		 
1 1		<
1 1		a
1 1		>
1 1		e
1 1		l
1 1		e
1 1		m
1 1		e
1 1		n
1 1		t
1 1		s
1 1		<
1 1		/
1 1		a
1 1		>
1 1		<
1 1		/
1 1		f
1 1		o
1 1		o
1 4		-->
0 1		

0 1		 
0 1		 
0 1		<
0 1		f
0 1		o
0 1		o
0 1		 
0 1		v
0 1		a
0 1		r
0 1		=
0 7		"
3 1		t
3 1		e
3 1		s
3 1		t
3 1		>
3 1		 
3 1		 
3 3		<!--
3 1		 
3 1		t
3 1		h
3 1		i
3 1		s
3 1		 
3 1		i
3 1		s
3 1		 
3 1		n
3 1		o
3 1		t
3 1		 
3 1		a
3 1		 
3 1		c
3 1		o
3 1		m
3 1		m
3 1		e
3 1		n
3 1		t
3 1		 
3 4		-->
3 1		 
3 1		<
3 1		a
3 7		"
0 1		 
0 1		h
0 1		r
0 1		e
0 1		f
0 1		=
0 7		"
3 1		x
3 7		"
0 1		 
0 1		/
0 1		>
0 1		

0 1		 
0 1		 
0 8		<![CDATA[
4 1		

4 1		 
4 1		 
4 1		 
4 1		 
4 1		I
4 1		n
4 1		 
4 1		C
4 1		D
4 1		A
4 1		T
4 1		A
4 1		 
4 3		<!--
4 1		 
4 1		e
4 1		v
4 1		e
4 1		r
4 1		y
4 1		t
4 1		h
4 1		i
4 1		n
4 1		g
4 1		 
4 1		i
4 1		s
4 1		 
4 1		d
4 1		a
4 1		t
4 1		a
4 1		!
4 1		!
4 1		!
4 1		 
4 4		-->
4 1		

4 1		 
4 1		 
4 9		]]>
0 1		

0 1		 
0 1		 
0 3		<!--
1 1		 
1 1		v
1 1		a
1 1		l
1 1		i
1 1		d
1 1		 
1 1		c
1 1		o
1 1		m
1 1		m
1 1		e
1 1		n
1 1		t
1 1		 
1 4		-->
0 1		

0 1		 
0 1		 
0 3		<!--
1 1		 
1 1		i
1 1		n
1 1		v
1 1		a
1 1		l
1 1		i
1 1		d
1 1		 
1 5		--
0 1		 
0 1		c
0 1		o
0 1		m
0 1		m
0 1		e
0 1		n
0 1		t
0 1		 
0 4		-->
0 1		

0 1		<
0 1		/
0 1		r
0 1		o
0 1		o
0 1		t
0 1		>
0 1		

