(0) 0 1		#
(0) 0 1		i
(0) 0 1		n
(0) 0 1		c
(0) 0 1		l
(0) 0 1		u
(0) 0 1		d
(0) 0 1		e
(0) 0 1		 
(0) 0 9		"
(0) 3 1		t
(0) 3 1		e
(0) 3 1		s
(0) 3 1		t
(0) 3 5		/*
(0) 3 1		a
(0) 3 1		s
(0) 3 1		d
(0) 3 1		f
(0) 3 6		*/
(0) 3 1		h
(0) 3 1		e
(0) 3 1		a
(0) 3 1		d
(0) 3 1		e
(0) 3 1		r
(0) 3 1		.
(0) 3 1		h
(0) 3 9		"
(1) 0 2		

(1) 0 1		#
(1) 0 1		i
(1) 0 1		n
(1) 0 1		c
(1) 0 1		l
(1) 0 1		u
(1) 0 1		d
(1) 0 1		e
(1) 0 1		 
(1) 0 1		<
(1) 0 1		s
(1) 0 1		t
(1) 0 1		d
(1) 0 1		i
(1) 0 1		o
(1) 0 1		.
(1) 0 1		h
(1) 0 1		>
(2) 0 2		

(2) 0 1		#
(2) 0 1		i
(2) 0 1		n
(2) 0 1		c
(2) 0 1		l
(2) 0 1		u
(2) 0 1		d
(2) 0 1		e
(2) 0 1		 
(2) 0 1		<
(2) 0 1		f
(2) 0 1		o
(2) 0 1		o
(2) 0 5		/*
(2) 1 1		b
(2) 1 1		a
(2) 1 1		r
(2) 1 6		*/
(2) 0 1		b
(2) 0 1		a
(2) 0 1		z
(2) 0 1		.
(2) 0 1		h
(2) 0 1		>
(3) 0 2		

(4) 0 2		

(4) 0 8		/**
(4) 0 1		 
(4) 0 1		\
(4) 0 1		b
(4) 0 1		r
(4) 0 1		i
(4) 0 1		e
(4) 0 1		f
(4) 0 1		 
(4) 0 1		J
(4) 0 1		a
(4) 0 1		v
(4) 0 1		a
(4) 0 1		 
(4) 0 1		s
(4) 0 1		t
(4) 0 1		y
(4) 0 1		l
(4) 0 1		e
(4) 0 1		 
(4) 0 1		D
(4) 0 1		o
(4) 0 1		c
(4) 0 1		 
(4) 0 1		S
(4) 0 1		t
(4) 0 1		r
(4) 0 1		i
(4) 0 1		n
(4) 0 1		g
(4) 0 1		 
(4) 0 1		-
(4) 0 1		 
(4) 0 1		F
(4) 0 1		o
(4) 0 1		o
(4) 0 1		 
(4) 0 1		f
(4) 0 1		u
(4) 0 1		n
(4) 0 1		c
(4) 0 1		t
(4) 0 1		i
(4) 0 1		o
(4) 0 1		n
(4) 0 1		 
(4) 0 6		*/
(5) 0 2		

(5) 0 1		i
(5) 0 1		n
(5) 0 1		t
(5) 0 1		 
(5) 0 1		f
(5) 0 1		o
(5) 0 1		o
(5) 0 1		(
(5) 0 1		)
(5) 0 1		;
(6) 0 2		

(7) 0 2		

(7) 0 1		i
(7) 0 1		n
(7) 0 1		t
(7) 0 1		 
(7) 0 1		b
(7) 0 1		a
(7) 0 1		r
(7) 0 1		(
(7) 0 1		)
(7) 0 1		;
(7) 0 1		 
(7) 0 8		/**
(7) 0 1		<
(7) 0 1		 
(7) 0 1		B
(7) 0 1		a
(7) 0 1		r
(7) 0 1		 
(7) 0 1		f
(7) 0 1		u
(7) 0 1		n
(7) 0 1		c
(7) 0 1		t
(7) 0 1		i
(7) 0 1		o
(7) 0 1		n
(7) 0 1		 
(7) 0 6		*/
(8) 0 2		

(9) 0 2		

(9) 0 7		///
(9) 0 1		 
(9) 0 1		.
(9) 0 1		N
(9) 0 1		E
(9) 0 1		T
(9) 0 1		 
(9) 0 1		S
(9) 0 1		t
(9) 0 1		y
(9) 0 1		l
(9) 0 1		e
(9) 0 1		 
(9) 0 1		D
(9) 0 1		o
(9) 0 1		c
(9) 0 1		 
(9) 0 1		S
(9) 0 1		t
(9) 0 1		r
(9) 0 1		i
(9) 0 1		n
(9) 0 1		g
(10) 0 2		

(10) 0 1		i
(10) 0 1		n
(10) 0 1		t
(10) 0 1		 
(10) 0 1		g
(10) 0 1		_
(10) 0 1		g
(10) 0 1		l
(10) 0 1		o
(10) 0 1		b
(10) 0 1		a
(10) 0 1		l
(10) 0 1		_
(10) 0 1		v
(10) 0 1		a
(10) 0 1		r
(10) 0 1		 
(10) 0 1		=
(10) 0 1		 
(10) 0 1		1
(10) 0 1		;
(11) 0 2		

(12) 0 2		

(12) 0 5		/*
(12) 1 1		 
(12) 1 1		H
(12) 1 1		e
(12) 1 1		l
(12) 1 1		l
(12) 1 1		o
(13) 1 2		

(13) 1 5		/*
(13) 1 1		 
(13) 1 1		W
(13) 1 1		o
(13) 1 1		r
(13) 1 1		l
(13) 1 1		d
(14) 1 2		

(14) 1 4		//
(14) 1 1		 
(14) 1 6		*/
(15) 0 2		

(15) 0 1		i
(15) 0 1		n
(15) 0 1		t
(15) 0 1		 
(15) 0 1		b
(15) 0 1		a
(15) 0 1		z
(15) 0 1		(
(15) 0 1		)
(15) 0 1		;
(16) 0 2		

(16) 0 4		//
(16) 2 1		 
(16) 2 6		*/
(17) 2 2		

(18) 0 2		

(18) 0 8		/*!
(18) 0 1		 
(18) 0 1		G
(18) 0 1		l
(18) 0 1		o
(18) 0 1		b
(18) 0 1		a
(18) 0 1		l
(18) 0 1		 
(18) 0 1		v
(18) 0 1		a
(18) 0 1		r
(18) 0 1		i
(18) 0 1		a
(18) 0 1		b
(18) 0 1		l
(18) 0 1		e
(19) 0 2		

(19) 0 1		 
(19) 0 1		*
(19) 0 1		 
(19) 0 1		 
(19) 0 1		.
(19) 0 1		.
(19) 0 1		.
(19) 0 1		 
(19) 0 6		*/
(20) 0 2		

(20) 0 1		v
(20) 0 1		o
(20) 0 1		l
(20) 0 1		a
(20) 0 1		t
(20) 0 1		i
(20) 0 1		l
(20) 0 1		e
(20) 0 1		 
(20) 0 1		i
(20) 0 1		n
(20) 0 1		t
(20) 0 1		 
(20) 0 1		g
(20) 0 1		_
(20) 0 1		g
(20) 0 1		l
(20) 0 1		o
(20) 0 1		b
(20) 0 1		a
(20) 0 1		l
(20) 0 1		;
(21) 0 2		

(22) 0 2		

(22) 0 7		//!
(22) 0 1		 
(22) 0 1		M
(22) 0 1		a
(22) 0 1		i
(22) 0 1		n
(23) 0 2		

(23) 0 1		i
(23) 0 1		n
(23) 0 1		t
(23) 0 1		 
(23) 0 1		m
(23) 0 1		a
(23) 0 1		i
(23) 0 1		n
(23) 0 1		(
(23) 0 1		i
(23) 0 1		n
(23) 0 1		t
(23) 0 1		 
(23) 0 1		a
(23) 0 1		r
(23) 0 1		g
(23) 0 1		c
(23) 0 1		,
(23) 0 1		 
(23) 0 1		c
(23) 0 1		o
(23) 0 1		n
(23) 0 1		s
(23) 0 1		t
(23) 0 1		 
(23) 0 1		c
(23) 0 1		h
(23) 0 1		a
(23) 0 1		r
(23) 0 1		*
(23) 0 1		 
(23) 0 1		a
(23) 0 1		r
(23) 0 1		g
(23) 0 1		v
(23) 0 1		)
(24) 0 2		

(24) 0 1		{
(25) 0 2		

(25) 0 1		 
(25) 0 1		 
(25) 0 1		 
(25) 0 1		 
(25) 0 1		p
(25) 0 1		r
(25) 0 1		i
(25) 0 1		n
(25) 0 1		t
(25) 0 1		f
(25) 0 1		(
(25) 0 9		"
(25) 3 5		/*
(25) 3 1		 
(25) 3 1		f
(25) 3 1		o
(25) 3 1		o
(25) 3 1		 
(25) 3 1		b
(25) 3 1		a
(25) 3 1		r
(25) 3 9		"
(25) 0 1		)
(25) 0 1		;
(26) 0 2		

(26) 0 1		 
(26) 0 1		 
(26) 0 1		 
(26) 0 1		 
(26) 0 4		//
(26) 2 6		*/
(26) 2 1		 
(26) 2 1		b
(26) 2 1		a
(26) 2 1		r
(26) 2 1		(
(26) 2 1		)
(26) 2 1		;
(27) 2 2		

(28) 0 2		

(28) 0 1		 
(28) 0 1		 
(28) 0 1		 
(28) 0 1		 
(28) 0 4		//
(28) 2 1		 
(29) 2 3		\

(29) 2 1		 
(29) 2 1		 
(29) 2 1		 
(29) 2 1		 
(29) 2 5		/*
(30) 2 2		

(30) 0 1		 
(30) 0 1		 
(30) 0 1		 
(30) 0 1		 
(30) 0 1		b
(30) 0 1		a
(30) 0 1		z
(30) 0 1		(
(30) 0 1		)
(30) 0 1		;
(31) 0 2		

(31) 0 1		 
(31) 0 1		 
(31) 0 1		 
(31) 0 1		 
(31) 0 5		/*
(31) 1 1		/
(32) 1 2		

(32) 1 1		 
(32) 1 1		 
(32) 1 1		 
(32) 1 1		 
(32) 1 1		f
(32) 1 1		o
(32) 1 1		o
(32) 1 1		(
(32) 1 1		)
(32) 1 1		;
(33) 1 2		

(33) 1 1		 
(33) 1 1		 
(33) 1 1		 
(33) 1 1		 
(33) 1 4		//
(33) 1 6		*/
(34) 0 2		

(35) 0 2		

(35) 0 4		/\
/
(35) 2 1		*
(36) 2 2		

(36) 0 1		 
(36) 0 1		 
(36) 0 1		 
(36) 0 1		 
(36) 0 1		b
(36) 0 1		a
(36) 0 1		z
(36) 0 1		(
(36) 0 1		)
(36) 0 1		;
(37) 0 2		

(37) 0 5		/*
(37) 1 1		/
(38) 1 2		

(38) 1 1		 
(38) 1 1		 
(38) 1 1		 
(38) 1 1		 
(38) 1 1		f
(38) 1 1		o
(38) 1 1		o
(38) 1 1		(
(38) 1 1		)
(38) 1 1		;
(39) 1 2		

(39) 1 4		//
(39) 1 6		*/
(40) 0 2		

(41) 0 2		

(41) 0 1		 
(41) 0 1		 
(41) 0 1		 
(41) 0 1		 
(41) 0 1		r
(41) 0 1		e
(41) 0 1		t
(41) 0 1		u
(41) 0 1		r
(41) 0 1		n
(41) 0 1		 
(41) 0 1		1
(41) 0 1		;
(42) 0 2		

(42) 0 1		}
